<?xml version="1.0" encoding="UTF-8"?>
<!-- Generated by org.testng.reporters.JUnitReportReporter -->
<testsuite hostname="DESKTOP-EGVRHTM" failures="0" tests="1" name="kiemThu.CartTest" time="23.953" errors="0" timestamp="2024-12-22T22:09:54 GMT+07:00" skipped="0">
  <testcase classname="kiemThu.CartTest" name="testAddToCart" time="23.953"/>
  <system-out/>
</testsuite> <!-- kiemThu.CartTest -->
