<?xml version="1.0" encoding="UTF-8"?>
<!-- Generated by org.testng.reporters.JUnitReportReporter -->
<testsuite hostname="Aki" failures="0" tests="2" name="test.CartTest" time="31.234" errors="0" timestamp="2024-12-23T15:28:04 ICT" skipped="0">
  <testcase classname="test.CartTest" name="testAddToCart" time="10.838"/>
  <system-out/>
  <testcase classname="test.CartTest" name="testUpdateCart" time="20.396"/>
  <system-out/>
</testsuite> <!-- test.CartTest -->
