<?xml version="1.0" encoding="UTF-8"?>
<!-- Generated by org.testng.reporters.JUnitReportReporter -->
<testsuite hostname="DESKTOP-7JB3U84" failures="0" tests="6" name="test.SearchTest" time="54.912" errors="0" timestamp="2024-12-24T20:31:30 ICT" skipped="0">
  <testcase classname="test.SearchTest" name="testSearch" time="8.671"/>
  <system-out/>
  <testcase classname="test.SearchTest" name="testSearch" time="12.475"/>
  <system-out/>
  <testcase classname="test.SearchTest" name="testSearch" time="5.454"/>
  <system-out/>
  <testcase classname="test.SearchTest" name="testSearch" time="6.843"/>
  <system-out/>
  <testcase classname="test.SearchTest" name="testSearch" time="10.656"/>
  <system-out/>
  <testcase classname="test.SearchTest" name="testSearch" time="10.813"/>
  <system-out/>
</testsuite> <!-- test.SearchTest -->
